<?xml version="1.0" encoding="UTF-8"?>
<testsuite name="banking.AccountTest" tests="3" skipped="0" failures="0" errors="0" timestamp="2021-04-21T01:23:29" hostname="n3-78-115.dhcp.drexel.edu" time="0.021">
  <properties/>
  <testcase name="open_checking_account()" classname="banking.AccountTest" time="0.017"/>
  <testcase name="create_cd_account()" classname="banking.AccountTest" time="0.001"/>
  <testcase name="create_savings_account()" classname="banking.AccountTest" time="0.001"/>
  <system-out><![CDATA[]]></system-out>
  <system-err><![CDATA[]]></system-err>
</testsuite>
