<?xml version="1.0" encoding="UTF-8"?>
<testsuite name="banking.AccountTest" tests="3" skipped="0" failures="0" errors="0" timestamp="2021-04-30T20:47:22" hostname="Faraaz-Khan-Mac" time="0.001">
  <properties/>
  <testcase name="open_checking_account()" classname="banking.AccountTest" time="0.0"/>
  <testcase name="create_cd_account()" classname="banking.AccountTest" time="0.0"/>
  <testcase name="create_savings_account()" classname="banking.AccountTest" time="0.0"/>
  <system-out><![CDATA[]]></system-out>
  <system-err><![CDATA[]]></system-err>
</testsuite>
