<?xml version="1.0" encoding="UTF-8"?>
<testsuite name="banking.BankTest" tests="3" skipped="0" failures="0" errors="0" timestamp="2021-04-21T01:23:29" hostname="n3-78-115.dhcp.drexel.edu" time="0.005">
  <properties/>
  <testcase name="create_a_checking_account()" classname="banking.BankTest" time="0.002"/>
  <testcase name="create_a_savings_account()" classname="banking.BankTest" time="0.0"/>
  <testcase name="bank_initially_has_no_accounts()" classname="banking.BankTest" time="0.001"/>
  <system-out><![CDATA[]]></system-out>
  <system-err><![CDATA[]]></system-err>
</testsuite>
